<?xml version="1.0" encoding="UTF-8"?>
<!-- Generated by org.testng.reporters.JUnitXMLReporter -->
<testsuite ignored="0" hostname="HoaNang" failures="1" tests="2" name="firefox" time="13.853" errors="0" timestamp="2022-09-24T21:30:56 ICT">
  <testcase classname="features.bmi.UnitCalculatorTest" name="unitCalculator1" time="1.136"/>
  <testcase classname="features.bmi.UnitCalculatorTest" name="unitCalculator2" time="5.024">
    <failure type="java.lang.AssertionError" message="expected [BMI = 20.2 kg/m2   (Normal)] but found [BMI = 20.6 kg/m2   (Normal)]">
      <![CDATA[java.lang.AssertionError: expected [BMI = 20.2 kg/m2   (Normal)] but found [BMI = 20.6 kg/m2   (Normal)]
at features.bmi.UnitCalculatorTest.unitCalculator2(UnitCalculatorTest.java:54)
at java.base/java.util.ArrayList.forEach(ArrayList.java:1511)
... Removed 35 stack frames]]>
    </failure>
  </testcase> <!-- unitCalculator2 -->
</testsuite> <!-- firefox -->
